<?xml version="1.0" encoding="UTF-8"?>
<testng-results skipped="0" failed="0" total="1" passed="1">
  <reporter-output>
  </reporter-output>
  <suite name="Sample.AppTest" duration-ms="31" started-at="2017-07-08T06:01:04Z" finished-at="2017-07-08T06:01:04Z">
    <groups>
    </groups>
    <test name="Command line test" duration-ms="31" started-at="2017-07-08T06:01:04Z" finished-at="2017-07-08T06:01:04Z">
      <class name="Sample.AppTest">
        <test-method status="PASS" signature="a()[pri:0, instance:Sample.AppTest@7d417077]" name="a" duration-ms="15" started-at="2017-07-07T23:01:04Z" finished-at="2017-07-07T23:01:04Z">
          <reporter-output>
          </reporter-output>
        </test-method> <!-- a -->
      </class> <!-- Sample.AppTest -->
    </test> <!-- Command line test -->
  </suite> <!-- Sample.AppTest -->
</testng-results>
